running egg_info
creating ../build/my_rb1_description/my_rb1_description.egg-info
writing ../build/my_rb1_description/my_rb1_description.egg-info/PKG-INFO
writing dependency_links to ../build/my_rb1_description/my_rb1_description.egg-info/dependency_links.txt
writing requirements to ../build/my_rb1_description/my_rb1_description.egg-info/requires.txt
writing top-level names to ../build/my_rb1_description/my_rb1_description.egg-info/top_level.txt
writing manifest file '../build/my_rb1_description/my_rb1_description.egg-info/SOURCES.txt'
reading manifest file '../build/my_rb1_description/my_rb1_description.egg-info/SOURCES.txt'
writing manifest file '../build/my_rb1_description/my_rb1_description.egg-info/SOURCES.txt'
running build
running build_py
creating /home/user/ros2_ws/src/my_rb1_robot/build/my_rb1_description/build
creating /home/user/ros2_ws/src/my_rb1_robot/build/my_rb1_description/build/lib
creating /home/user/ros2_ws/src/my_rb1_robot/build/my_rb1_description/build/lib/my_rb1_description
copying my_rb1_description/__init__.py -> /home/user/ros2_ws/src/my_rb1_robot/build/my_rb1_description/build/lib/my_rb1_description
running install
running install_lib
creating /home/user/ros2_ws/src/my_rb1_robot/install/my_rb1_description/lib/python3.12/site-packages/my_rb1_description
copying /home/user/ros2_ws/src/my_rb1_robot/build/my_rb1_description/build/lib/my_rb1_description/__init__.py -> /home/user/ros2_ws/src/my_rb1_robot/install/my_rb1_description/lib/python3.12/site-packages/my_rb1_description
byte-compiling /home/user/ros2_ws/src/my_rb1_robot/install/my_rb1_description/lib/python3.12/site-packages/my_rb1_description/__init__.py to __init__.cpython-312.pyc
running install_data
creating /home/user/ros2_ws/src/my_rb1_robot/install/my_rb1_description/share/ament_index
creating /home/user/ros2_ws/src/my_rb1_robot/install/my_rb1_description/share/ament_index/resource_index
creating /home/user/ros2_ws/src/my_rb1_robot/install/my_rb1_description/share/ament_index/resource_index/packages
copying resource/my_rb1_description -> /home/user/ros2_ws/src/my_rb1_robot/install/my_rb1_description/share/ament_index/resource_index/packages
copying package.xml -> /home/user/ros2_ws/src/my_rb1_robot/install/my_rb1_description/share/my_rb1_description
creating /home/user/ros2_ws/src/my_rb1_robot/install/my_rb1_description/share/my_rb1_description/launch
copying launch/display.launch.py -> /home/user/ros2_ws/src/my_rb1_robot/install/my_rb1_description/share/my_rb1_description/launch
creating /home/user/ros2_ws/src/my_rb1_robot/install/my_rb1_description/share/my_rb1_description/urdf
copying urdf/my_rb1_robot.urdf -> /home/user/ros2_ws/src/my_rb1_robot/install/my_rb1_description/share/my_rb1_description/urdf
running install_egg_info
Copying ../build/my_rb1_description/my_rb1_description.egg-info to /home/user/ros2_ws/src/my_rb1_robot/install/my_rb1_description/lib/python3.12/site-packages/my_rb1_description-0.0.0-py3.12.egg-info
running install_scripts
writing list of installed files to '/home/user/ros2_ws/src/my_rb1_robot/build/my_rb1_description/install.log'
