[6.955s] Invoking command in '/home/user/ros2_ws/src/my_rb1_robot/my_rb1_description': PYTHONPATH=/home/user/ros2_ws/src/my_rb1_robot/build/my_rb1_description/prefix_override:/usr/lib/python3/dist-packages/colcon_core/task/python/colcon_distutils_commands:/home/user/ros2_ws/src/my_rb1_robot/install/my_rb1_description/lib/python3.12/site-packages:${PYTHONPATH} _=/usr/bin/env /usr/bin/python3 -W ignore:setup.py install is deprecated -W ignore:easy_install command is deprecated setup.py egg_info --egg-base ../build/my_rb1_description build --build-base /home/user/ros2_ws/src/my_rb1_robot/build/my_rb1_description/build install --record /home/user/ros2_ws/src/my_rb1_robot/build/my_rb1_description/install.log --single-version-externally-managed install_data
[7.225s] running egg_info
[7.225s] creating ../build/my_rb1_description/my_rb1_description.egg-info
[7.243s] writing ../build/my_rb1_description/my_rb1_description.egg-info/PKG-INFO
[7.243s] writing dependency_links to ../build/my_rb1_description/my_rb1_description.egg-info/dependency_links.txt
[7.243s] writing requirements to ../build/my_rb1_description/my_rb1_description.egg-info/requires.txt
[7.243s] writing top-level names to ../build/my_rb1_description/my_rb1_description.egg-info/top_level.txt
[7.243s] writing manifest file '../build/my_rb1_description/my_rb1_description.egg-info/SOURCES.txt'
[7.281s] reading manifest file '../build/my_rb1_description/my_rb1_description.egg-info/SOURCES.txt'
[7.282s] writing manifest file '../build/my_rb1_description/my_rb1_description.egg-info/SOURCES.txt'
[7.282s] running build
[7.282s] running build_py
[7.282s] creating /home/user/ros2_ws/src/my_rb1_robot/build/my_rb1_description/build
[7.283s] creating /home/user/ros2_ws/src/my_rb1_robot/build/my_rb1_description/build/lib
[7.283s] creating /home/user/ros2_ws/src/my_rb1_robot/build/my_rb1_description/build/lib/my_rb1_description
[7.283s] copying my_rb1_description/__init__.py -> /home/user/ros2_ws/src/my_rb1_robot/build/my_rb1_description/build/lib/my_rb1_description
[7.283s] running install
[7.290s] running install_lib
[7.310s] creating /home/user/ros2_ws/src/my_rb1_robot/install/my_rb1_description/lib/python3.12/site-packages/my_rb1_description
[7.310s] copying /home/user/ros2_ws/src/my_rb1_robot/build/my_rb1_description/build/lib/my_rb1_description/__init__.py -> /home/user/ros2_ws/src/my_rb1_robot/install/my_rb1_description/lib/python3.12/site-packages/my_rb1_description
[7.311s] byte-compiling /home/user/ros2_ws/src/my_rb1_robot/install/my_rb1_description/lib/python3.12/site-packages/my_rb1_description/__init__.py to __init__.cpython-312.pyc
[7.311s] running install_data
[7.311s] creating /home/user/ros2_ws/src/my_rb1_robot/install/my_rb1_description/share/ament_index
[7.311s] creating /home/user/ros2_ws/src/my_rb1_robot/install/my_rb1_description/share/ament_index/resource_index
[7.311s] creating /home/user/ros2_ws/src/my_rb1_robot/install/my_rb1_description/share/ament_index/resource_index/packages
[7.311s] copying resource/my_rb1_description -> /home/user/ros2_ws/src/my_rb1_robot/install/my_rb1_description/share/ament_index/resource_index/packages
[7.312s] copying package.xml -> /home/user/ros2_ws/src/my_rb1_robot/install/my_rb1_description/share/my_rb1_description
[7.312s] creating /home/user/ros2_ws/src/my_rb1_robot/install/my_rb1_description/share/my_rb1_description/launch
[7.312s] copying launch/display.launch.py -> /home/user/ros2_ws/src/my_rb1_robot/install/my_rb1_description/share/my_rb1_description/launch
[7.312s] creating /home/user/ros2_ws/src/my_rb1_robot/install/my_rb1_description/share/my_rb1_description/urdf
[7.312s] copying urdf/my_rb1_robot.urdf -> /home/user/ros2_ws/src/my_rb1_robot/install/my_rb1_description/share/my_rb1_description/urdf
[7.312s] running install_egg_info
[7.333s] Copying ../build/my_rb1_description/my_rb1_description.egg-info to /home/user/ros2_ws/src/my_rb1_robot/install/my_rb1_description/lib/python3.12/site-packages/my_rb1_description-0.0.0-py3.12.egg-info
[7.334s] running install_scripts
[7.469s] writing list of installed files to '/home/user/ros2_ws/src/my_rb1_robot/build/my_rb1_description/install.log'
[7.503s] Invoked command in '/home/user/ros2_ws/src/my_rb1_robot/my_rb1_description' returned '0': PYTHONPATH=/home/user/ros2_ws/src/my_rb1_robot/build/my_rb1_description/prefix_override:/usr/lib/python3/dist-packages/colcon_core/task/python/colcon_distutils_commands:/home/user/ros2_ws/src/my_rb1_robot/install/my_rb1_description/lib/python3.12/site-packages:${PYTHONPATH} _=/usr/bin/env /usr/bin/python3 -W ignore:setup.py install is deprecated -W ignore:easy_install command is deprecated setup.py egg_info --egg-base ../build/my_rb1_description build --build-base /home/user/ros2_ws/src/my_rb1_robot/build/my_rb1_description/build install --record /home/user/ros2_ws/src/my_rb1_robot/build/my_rb1_description/install.log --single-version-externally-managed install_data
