[1.577s] Invoking command in '/home/user/ros2_ws/src/my_rb1_robot/my_rb1_description': PYTHONPATH=/home/user/ros2_ws/src/my_rb1_robot/build/my_rb1_description/prefix_override:/usr/lib/python3/dist-packages/colcon_core/task/python/colcon_distutils_commands:/home/user/ros2_ws/src/my_rb1_robot/install/my_rb1_description/lib/python3.12/site-packages:${PYTHONPATH} _=/usr/bin/env /usr/bin/python3 -W ignore:setup.py install is deprecated -W ignore:easy_install command is deprecated setup.py egg_info --egg-base ../build/my_rb1_description build --build-base /home/user/ros2_ws/src/my_rb1_robot/build/my_rb1_description/build install --record /home/user/ros2_ws/src/my_rb1_robot/build/my_rb1_description/install.log --single-version-externally-managed install_data
[1.988s] running egg_info
[2.015s] writing ../build/my_rb1_description/my_rb1_description.egg-info/PKG-INFO
[2.016s] writing dependency_links to ../build/my_rb1_description/my_rb1_description.egg-info/dependency_links.txt
[2.016s] writing requirements to ../build/my_rb1_description/my_rb1_description.egg-info/requires.txt
[2.016s] writing top-level names to ../build/my_rb1_description/my_rb1_description.egg-info/top_level.txt
[2.077s] reading manifest file '../build/my_rb1_description/my_rb1_description.egg-info/SOURCES.txt'
[2.079s] writing manifest file '../build/my_rb1_description/my_rb1_description.egg-info/SOURCES.txt'
[2.079s] running build
[2.079s] running build_py
[2.082s] running install
[2.091s] running install_lib
[2.119s] creating /home/user/ros2_ws/src/my_rb1_robot/install/my_rb1_description/lib/python3.12/site-packages/my_rb1_description
[2.119s] copying /home/user/ros2_ws/src/my_rb1_robot/build/my_rb1_description/build/lib/my_rb1_description/__init__.py -> /home/user/ros2_ws/src/my_rb1_robot/install/my_rb1_description/lib/python3.12/site-packages/my_rb1_description
[2.121s] byte-compiling /home/user/ros2_ws/src/my_rb1_robot/install/my_rb1_description/lib/python3.12/site-packages/my_rb1_description/__init__.py to __init__.cpython-312.pyc
[2.121s] running install_data
[2.121s] creating /home/user/ros2_ws/src/my_rb1_robot/install/my_rb1_description/share/ament_index
[2.122s] creating /home/user/ros2_ws/src/my_rb1_robot/install/my_rb1_description/share/ament_index/resource_index
[2.122s] creating /home/user/ros2_ws/src/my_rb1_robot/install/my_rb1_description/share/ament_index/resource_index/packages
[2.123s] copying resource/my_rb1_description -> /home/user/ros2_ws/src/my_rb1_robot/install/my_rb1_description/share/ament_index/resource_index/packages
[2.123s] copying package.xml -> /home/user/ros2_ws/src/my_rb1_robot/install/my_rb1_description/share/my_rb1_description
[2.123s] creating /home/user/ros2_ws/src/my_rb1_robot/install/my_rb1_description/share/my_rb1_description/launch
[2.124s] copying launch/display.launch.py -> /home/user/ros2_ws/src/my_rb1_robot/install/my_rb1_description/share/my_rb1_description/launch
[2.124s] creating /home/user/ros2_ws/src/my_rb1_robot/install/my_rb1_description/share/my_rb1_description/urdf
[2.124s] copying urdf/my_rb1_robot.urdf -> /home/user/ros2_ws/src/my_rb1_robot/install/my_rb1_description/share/my_rb1_description/urdf
[2.124s] creating /home/user/ros2_ws/src/my_rb1_robot/install/my_rb1_description/share/my_rb1_description/rviz
[2.124s] copying rviz/config.rviz -> /home/user/ros2_ws/src/my_rb1_robot/install/my_rb1_description/share/my_rb1_description/rviz
[2.125s] running install_egg_info
[2.155s] Copying ../build/my_rb1_description/my_rb1_description.egg-info to /home/user/ros2_ws/src/my_rb1_robot/install/my_rb1_description/lib/python3.12/site-packages/my_rb1_description-0.0.0-py3.12.egg-info
[2.156s] running install_scripts
[2.361s] writing list of installed files to '/home/user/ros2_ws/src/my_rb1_robot/build/my_rb1_description/install.log'
[2.400s] Invoked command in '/home/user/ros2_ws/src/my_rb1_robot/my_rb1_description' returned '0': PYTHONPATH=/home/user/ros2_ws/src/my_rb1_robot/build/my_rb1_description/prefix_override:/usr/lib/python3/dist-packages/colcon_core/task/python/colcon_distutils_commands:/home/user/ros2_ws/src/my_rb1_robot/install/my_rb1_description/lib/python3.12/site-packages:${PYTHONPATH} _=/usr/bin/env /usr/bin/python3 -W ignore:setup.py install is deprecated -W ignore:easy_install command is deprecated setup.py egg_info --egg-base ../build/my_rb1_description build --build-base /home/user/ros2_ws/src/my_rb1_robot/build/my_rb1_description/build install --record /home/user/ros2_ws/src/my_rb1_robot/build/my_rb1_description/install.log --single-version-externally-managed install_data
