[2.131s] Invoking command in '/home/user/ros2_ws/src/my_rb1_robot/my_rb1_gazebo': PYTHONPATH=/home/user/ros2_ws/src/my_rb1_robot/build/my_rb1_gazebo/prefix_override:/usr/lib/python3/dist-packages/colcon_core/task/python/colcon_distutils_commands:/home/user/ros2_ws/src/my_rb1_robot/install/my_rb1_gazebo/lib/python3.12/site-packages:${PYTHONPATH} _=/usr/bin/env /usr/bin/python3 -W ignore:setup.py install is deprecated -W ignore:easy_install command is deprecated setup.py egg_info --egg-base ../build/my_rb1_gazebo build --build-base /home/user/ros2_ws/src/my_rb1_robot/build/my_rb1_gazebo/build install --record /home/user/ros2_ws/src/my_rb1_robot/build/my_rb1_gazebo/install.log --single-version-externally-managed install_data
[2.727s] running egg_info
[2.767s] writing ../build/my_rb1_gazebo/my_rb1_gazebo.egg-info/PKG-INFO
[2.768s] writing dependency_links to ../build/my_rb1_gazebo/my_rb1_gazebo.egg-info/dependency_links.txt
[2.768s] writing requirements to ../build/my_rb1_gazebo/my_rb1_gazebo.egg-info/requires.txt
[2.769s] writing top-level names to ../build/my_rb1_gazebo/my_rb1_gazebo.egg-info/top_level.txt
[2.873s] reading manifest file '../build/my_rb1_gazebo/my_rb1_gazebo.egg-info/SOURCES.txt'
[2.875s] writing manifest file '../build/my_rb1_gazebo/my_rb1_gazebo.egg-info/SOURCES.txt'
[2.876s] running build
[2.876s] running build_py
[2.877s] running install
[2.890s] running install_lib
[2.957s] running install_data
[2.957s] copying launch/spawn.launch.py -> /home/user/ros2_ws/src/my_rb1_robot/install/my_rb1_gazebo/share/my_rb1_gazebo/launch
[2.958s] running install_egg_info
[3.002s] removing '/home/user/ros2_ws/src/my_rb1_robot/install/my_rb1_gazebo/lib/python3.12/site-packages/my_rb1_gazebo-0.0.0-py3.12.egg-info' (and everything under it)
[3.003s] Copying ../build/my_rb1_gazebo/my_rb1_gazebo.egg-info to /home/user/ros2_ws/src/my_rb1_robot/install/my_rb1_gazebo/lib/python3.12/site-packages/my_rb1_gazebo-0.0.0-py3.12.egg-info
[3.005s] running install_scripts
[3.426s] writing list of installed files to '/home/user/ros2_ws/src/my_rb1_robot/build/my_rb1_gazebo/install.log'
[3.468s] Invoked command in '/home/user/ros2_ws/src/my_rb1_robot/my_rb1_gazebo' returned '0': PYTHONPATH=/home/user/ros2_ws/src/my_rb1_robot/build/my_rb1_gazebo/prefix_override:/usr/lib/python3/dist-packages/colcon_core/task/python/colcon_distutils_commands:/home/user/ros2_ws/src/my_rb1_robot/install/my_rb1_gazebo/lib/python3.12/site-packages:${PYTHONPATH} _=/usr/bin/env /usr/bin/python3 -W ignore:setup.py install is deprecated -W ignore:easy_install command is deprecated setup.py egg_info --egg-base ../build/my_rb1_gazebo build --build-base /home/user/ros2_ws/src/my_rb1_robot/build/my_rb1_gazebo/build install --record /home/user/ros2_ws/src/my_rb1_robot/build/my_rb1_gazebo/install.log --single-version-externally-managed install_data
