[2.497s] Invoking command in '/home/user/ros2_ws/src/my_rb1_robot/my_rb1_description': PYTHONPATH=/home/user/ros2_ws/src/my_rb1_robot/build/my_rb1_description/prefix_override:/usr/lib/python3/dist-packages/colcon_core/task/python/colcon_distutils_commands:/home/user/ros2_ws/src/my_rb1_robot/install/my_rb1_description/lib/python3.12/site-packages:${PYTHONPATH} _=/usr/bin/env /usr/bin/python3 -W ignore:setup.py install is deprecated -W ignore:easy_install command is deprecated setup.py egg_info --egg-base ../build/my_rb1_description build --build-base /home/user/ros2_ws/src/my_rb1_robot/build/my_rb1_description/build install --record /home/user/ros2_ws/src/my_rb1_robot/build/my_rb1_description/install.log --single-version-externally-managed install_data
[3.622s] running egg_info
[3.714s] writing ../build/my_rb1_description/my_rb1_description.egg-info/PKG-INFO
[3.715s] writing dependency_links to ../build/my_rb1_description/my_rb1_description.egg-info/dependency_links.txt
[3.716s] writing requirements to ../build/my_rb1_description/my_rb1_description.egg-info/requires.txt
[3.717s] writing top-level names to ../build/my_rb1_description/my_rb1_description.egg-info/top_level.txt
[3.805s] reading manifest file '../build/my_rb1_description/my_rb1_description.egg-info/SOURCES.txt'
[3.806s] writing manifest file '../build/my_rb1_description/my_rb1_description.egg-info/SOURCES.txt'
[3.807s] running build
[3.807s] running build_py
[3.807s] running install
[3.820s] running install_lib
[3.863s] running install_data
[3.864s] copying urdf/my_rb1_robot.urdf -> /home/user/ros2_ws/src/my_rb1_robot/install/my_rb1_description/share/my_rb1_description/urdf
[3.864s] running install_egg_info
[3.959s] removing '/home/user/ros2_ws/src/my_rb1_robot/install/my_rb1_description/lib/python3.12/site-packages/my_rb1_description-0.0.0-py3.12.egg-info' (and everything under it)
[3.960s] Copying ../build/my_rb1_description/my_rb1_description.egg-info to /home/user/ros2_ws/src/my_rb1_robot/install/my_rb1_description/lib/python3.12/site-packages/my_rb1_description-0.0.0-py3.12.egg-info
[3.961s] running install_scripts
[4.323s] writing list of installed files to '/home/user/ros2_ws/src/my_rb1_robot/build/my_rb1_description/install.log'
[4.515s] Invoked command in '/home/user/ros2_ws/src/my_rb1_robot/my_rb1_description' returned '0': PYTHONPATH=/home/user/ros2_ws/src/my_rb1_robot/build/my_rb1_description/prefix_override:/usr/lib/python3/dist-packages/colcon_core/task/python/colcon_distutils_commands:/home/user/ros2_ws/src/my_rb1_robot/install/my_rb1_description/lib/python3.12/site-packages:${PYTHONPATH} _=/usr/bin/env /usr/bin/python3 -W ignore:setup.py install is deprecated -W ignore:easy_install command is deprecated setup.py egg_info --egg-base ../build/my_rb1_description build --build-base /home/user/ros2_ws/src/my_rb1_robot/build/my_rb1_description/build install --record /home/user/ros2_ws/src/my_rb1_robot/build/my_rb1_description/install.log --single-version-externally-managed install_data
