[1.574s] Invoking command in '/home/user/ros2_ws/src/my_rb1_robot/my_rb1_gazebo': PYTHONPATH=/home/user/ros2_ws/src/my_rb1_robot/build/my_rb1_gazebo/prefix_override:/usr/lib/python3/dist-packages/colcon_core/task/python/colcon_distutils_commands:/home/user/ros2_ws/src/my_rb1_robot/install/my_rb1_gazebo/lib/python3.12/site-packages:${PYTHONPATH} _=/usr/bin/env /usr/bin/python3 -W ignore:setup.py install is deprecated -W ignore:easy_install command is deprecated setup.py egg_info --egg-base ../build/my_rb1_gazebo build --build-base /home/user/ros2_ws/src/my_rb1_robot/build/my_rb1_gazebo/build install --record /home/user/ros2_ws/src/my_rb1_robot/build/my_rb1_gazebo/install.log --single-version-externally-managed install_data
[1.992s] running egg_info
[2.022s] writing ../build/my_rb1_gazebo/my_rb1_gazebo.egg-info/PKG-INFO
[2.023s] writing dependency_links to ../build/my_rb1_gazebo/my_rb1_gazebo.egg-info/dependency_links.txt
[2.024s] writing requirements to ../build/my_rb1_gazebo/my_rb1_gazebo.egg-info/requires.txt
[2.024s] writing top-level names to ../build/my_rb1_gazebo/my_rb1_gazebo.egg-info/top_level.txt
[2.086s] reading manifest file '../build/my_rb1_gazebo/my_rb1_gazebo.egg-info/SOURCES.txt'
[2.089s] writing manifest file '../build/my_rb1_gazebo/my_rb1_gazebo.egg-info/SOURCES.txt'
[2.089s] running build
[2.090s] running build_py
[2.090s] running install
[2.100s] running install_lib
[2.128s] creating /home/user/ros2_ws/src/my_rb1_robot/install/my_rb1_gazebo/lib/python3.12/site-packages/my_rb1_gazebo
[2.129s] copying /home/user/ros2_ws/src/my_rb1_robot/build/my_rb1_gazebo/build/lib/my_rb1_gazebo/__init__.py -> /home/user/ros2_ws/src/my_rb1_robot/install/my_rb1_gazebo/lib/python3.12/site-packages/my_rb1_gazebo
[2.129s] byte-compiling /home/user/ros2_ws/src/my_rb1_robot/install/my_rb1_gazebo/lib/python3.12/site-packages/my_rb1_gazebo/__init__.py to __init__.cpython-312.pyc
[2.130s] running install_data
[2.130s] creating /home/user/ros2_ws/src/my_rb1_robot/install/my_rb1_gazebo/share/ament_index
[2.130s] creating /home/user/ros2_ws/src/my_rb1_robot/install/my_rb1_gazebo/share/ament_index/resource_index
[2.130s] creating /home/user/ros2_ws/src/my_rb1_robot/install/my_rb1_gazebo/share/ament_index/resource_index/packages
[2.130s] copying resource/my_rb1_gazebo -> /home/user/ros2_ws/src/my_rb1_robot/install/my_rb1_gazebo/share/ament_index/resource_index/packages
[2.131s] copying package.xml -> /home/user/ros2_ws/src/my_rb1_robot/install/my_rb1_gazebo/share/my_rb1_gazebo
[2.131s] creating /home/user/ros2_ws/src/my_rb1_robot/install/my_rb1_gazebo/share/my_rb1_gazebo/launch
[2.132s] copying launch/empty_world.launch.py -> /home/user/ros2_ws/src/my_rb1_robot/install/my_rb1_gazebo/share/my_rb1_gazebo/launch
[2.132s] copying launch/spawn.launch.py -> /home/user/ros2_ws/src/my_rb1_robot/install/my_rb1_gazebo/share/my_rb1_gazebo/launch
[2.132s] running install_egg_info
[2.165s] Copying ../build/my_rb1_gazebo/my_rb1_gazebo.egg-info to /home/user/ros2_ws/src/my_rb1_robot/install/my_rb1_gazebo/lib/python3.12/site-packages/my_rb1_gazebo-0.0.0-py3.12.egg-info
[2.166s] running install_scripts
[2.386s] writing list of installed files to '/home/user/ros2_ws/src/my_rb1_robot/build/my_rb1_gazebo/install.log'
[2.427s] Invoked command in '/home/user/ros2_ws/src/my_rb1_robot/my_rb1_gazebo' returned '0': PYTHONPATH=/home/user/ros2_ws/src/my_rb1_robot/build/my_rb1_gazebo/prefix_override:/usr/lib/python3/dist-packages/colcon_core/task/python/colcon_distutils_commands:/home/user/ros2_ws/src/my_rb1_robot/install/my_rb1_gazebo/lib/python3.12/site-packages:${PYTHONPATH} _=/usr/bin/env /usr/bin/python3 -W ignore:setup.py install is deprecated -W ignore:easy_install command is deprecated setup.py egg_info --egg-base ../build/my_rb1_gazebo build --build-base /home/user/ros2_ws/src/my_rb1_robot/build/my_rb1_gazebo/build install --record /home/user/ros2_ws/src/my_rb1_robot/build/my_rb1_gazebo/install.log --single-version-externally-managed install_data
